<?xml version="1.0" encoding="UTF-8"?>
<!-- Generated by org.testng.reporters.JUnitReportReporter -->
<testsuite hostname="prashilalva-HP-ProBook-440-G2" failures="0" tests="1" name="com.realme.testing.firefox.GoogleSearchTest" time="85.818" errors="0" timestamp="12 Feb 2021 05:05:01 GMT" skipped="0">
  <testcase classname="com.realme.testing.firefox.GoogleSearchTest" name="test" time="85.818"/>
</testsuite> <!-- com.realme.testing.firefox.GoogleSearchTest -->
