<?xml version="1.0" encoding="UTF-8"?>
<!-- Generated by org.testng.reporters.JUnitReportReporter -->
<testsuite hostname="prashilalva-HP-ProBook-440-G2" failures="0" tests="1" name="com.google.chrome.headlesstesting.GoogleHeadlessTest" time="23.827" errors="0" timestamp="19 Feb 2021 04:52:23 GMT" skipped="0">
  <testcase classname="com.google.chrome.headlesstesting.GoogleHeadlessTest" name="headlessTest" time="23.827"/>
</testsuite> <!-- com.google.chrome.headlesstesting.GoogleHeadlessTest -->
