<?xml version="1.0" encoding="UTF-8"?>
<!-- Generated by org.testng.reporters.JUnitReportReporter -->
<testsuite hostname="prashilalva-HP-ProBook-440-G2" failures="0" tests="30" name="com.realme.testing.firefox.RealmeSearchTest" time="323.916" errors="0" timestamp="06 Mar 2021 12:02:25 GMT" skipped="0">
  <testcase classname="com.realme.testing.firefox.RealmeSearchTest" name="performTest" time="34.748"/>
  <testcase classname="com.realme.testing.firefox.RealmeSearchTest" name="dummyTest2" time="0.000"/>
  <testcase classname="com.realme.testing.firefox.RealmeSearchTest" name="performTest" time="28.755"/>
  <testcase classname="com.realme.testing.firefox.RealmeSearchTest" name="performTest" time="16.867"/>
  <testcase classname="com.realme.testing.firefox.RealmeSearchTest" name="dummyTest2" time="0.000"/>
  <testcase classname="com.realme.testing.firefox.RealmeSearchTest" name="performTest" time="17.211"/>
  <testcase classname="com.realme.testing.firefox.RealmeSearchTest" name="performTest" time="16.289"/>
  <testcase classname="com.realme.testing.firefox.RealmeSearchTest" name="performTest" time="41.436"/>
  <testcase classname="com.realme.testing.firefox.RealmeSearchTest" name="dummyTest2" time="0.000"/>
  <testcase classname="com.realme.testing.firefox.RealmeSearchTest" name="dummyTest2" time="0.001"/>
  <testcase classname="com.realme.testing.firefox.RealmeSearchTest" name="performTest" time="45.433"/>
  <testcase classname="com.realme.testing.firefox.RealmeSearchTest" name="dummyTest2" time="0.001"/>
  <testcase classname="com.realme.testing.firefox.RealmeSearchTest" name="performTest" time="53.421"/>
  <testcase classname="com.realme.testing.firefox.RealmeSearchTest" name="dummyTest2" time="0.000"/>
  <testcase classname="com.realme.testing.firefox.RealmeSearchTest" name="dummyTest2" time="0.001"/>
  <testcase classname="com.realme.testing.firefox.RealmeSearchTest" name="performTest" time="54.107"/>
  <testcase classname="com.realme.testing.firefox.RealmeSearchTest" name="dummyTest2" time="0.023"/>
  <testcase classname="com.realme.testing.firefox.RealmeSearchTest" name="performTest" time="15.621"/>
  <testcase classname="com.realme.testing.firefox.RealmeSearchTest" name="dummyTest2" time="0.000"/>
  <testcase classname="com.realme.testing.firefox.RealmeSearchTest" name="dummyTest2" time="0.000"/>
  <testcase classname="com.realme.testing.firefox.RealmeSearchTest" name="dummyTest1" time="0.000"/>
  <testcase classname="com.realme.testing.firefox.RealmeSearchTest" name="dummyTest1" time="0.001"/>
  <testcase classname="com.realme.testing.firefox.RealmeSearchTest" name="dummyTest1" time="0.000"/>
  <testcase classname="com.realme.testing.firefox.RealmeSearchTest" name="dummyTest1" time="0.000"/>
  <testcase classname="com.realme.testing.firefox.RealmeSearchTest" name="dummyTest1" time="0.001"/>
  <testcase classname="com.realme.testing.firefox.RealmeSearchTest" name="dummyTest1" time="0.000"/>
  <testcase classname="com.realme.testing.firefox.RealmeSearchTest" name="dummyTest1" time="0.000"/>
  <testcase classname="com.realme.testing.firefox.RealmeSearchTest" name="dummyTest1" time="0.000"/>
  <testcase classname="com.realme.testing.firefox.RealmeSearchTest" name="dummyTest1" time="0.000"/>
  <testcase classname="com.realme.testing.firefox.RealmeSearchTest" name="dummyTest1" time="0.000"/>
</testsuite> <!-- com.realme.testing.firefox.RealmeSearchTest -->
